[LOG] Manager::init                            : maxchannels = 1024 studioflags = 00000009 flags 00000000 extradriverdata 0000000000000000.
[LOG] SystemI::init                            : FMOD Studio Version: 00010903 (85362)
[LOG] SystemI::init                            : maxchannels = 1024, flags = 00030000, extradriverdata = 0000000000000000
[LOG] SystemI::setOutputInternal               : Setting output to type 0
[LOG] SystemI::setOutputInternal               : Setting output to type 8
[LOG] SystemI::setOutputInternal               : Setting output to type 8
[LOG] OutputWASAPI::init                       : Mix Format (WAVEFORMATEX): wFormatTag=0xFFFE, nChannels=2, nSamplesPerSec=192000, nAvgBytesPerSec=1536000, nBlockAlign=8, wBitsPerSample=32, cbSize=22.
[LOG] OutputWASAPI::init                       : Mix Format (WAVEFORMATEXTENSIBLE): wValidBitsPerSample=32, dwChannelMask=0x00000003, SubFormat=00000003-0000-0010-8000-00AA00389B71.
[LOG] OutputWASAPI::init                       : Output buffer size: 16384 samples, latency: 7.05ms, period: 10.00ms, DSP buffer: 1024 * 4
[WRN] SystemI::init                            : Output requires a sample rate of 192000Hz, resampling will occur.
[LOG] SystemI::init                            : Create master channel group and master sound group.
[LOG] SystemI::init                            : Set up emulated output.  1024 channels
[LOG] SystemI::init                            : create the channel pool
[LOG] SystemI::init                            : create the stream thread
[LOG] Thread::initThread                       : Init FMOD stream thread. Priority: 2, Stack Size: 65536, Semaphore: No, Sleep Time: 10, Looping: Yes.
[LOG] SystemI::DSPCodecPoolRegister            : register codec pool for pool type 5
[LOG] Thread::initThread                       : Init FMOD mixer thread. Priority: 3, Stack Size: 49152, Semaphore: No, Sleep Time: 0, Looping: Yes.
[LOG] AsyncManager::init                       : manager 000000003935A0C8 isAsync 1 updatePeriod 0.02
[LOG] Thread::initThread                       : Init FMOD Studio update thread. Priority: 0, Stack Size: 65536, Semaphore: No, Sleep Time: 1, Looping: No.
[LOG] AsyncManager::init                       : done
[LOG] PlaybackSystem::init                     : 
[LOG] Thread::initThread                       : Init FMOD Studio sample load thread. Priority: 0, Stack Size: 65536, Semaphore: No, Sleep Time: 1, Looping: No.
[LOG] PlaybackSystem::init                     : done
[LOG] LiveUpdate::init                         : 
[LOG] Thread::initThread                       : Init FMOD Studio bank load thread. Priority: 0, Stack Size: 65536, Semaphore: No, Sleep Time: 1, Looping: No.
[LOG] Manager::init                            : done.
[LOG] Profile::init                            : Profiler listening on port: 9264
[LOG] Manager::readBank                        : fileversion = 88, compatVersion = 86 (oldest = 44, newest = 88)
[LOG] Manager::readBank                        : fileversion = 88, compatVersion = 86 (oldest = 44, newest = 88)
[LOG] PlaybackSystem::acquireMasterBus         : Setting master channel group format to 6
[LOG] SystemI::createSoundInternal             : filename =  : mode 02000202
[LOG] SystemI::createSoundInternal             : exinfo->cbsize             = 232
[LOG] SystemI::createSoundInternal             : exinfo->length             = 3236512
[LOG] SystemI::createSoundInternal             : exinfo->fileoffset         = 32512
[LOG] SystemI::createSoundInternal             : exinfo->numsubsounds       = 1
[LOG] SystemI::createSoundInternal             : exinfo->inclusionlist      = 000000002B6BFBF8
[LOG] SystemI::createSoundInternal             : exinfo->inclusionlistnum   = 1
[LOG] SystemI::createSoundInternal             : exinfo->suggestedsoundtype = 5
[LOG] SystemI::createSoundInternal             : exinfo->useropen           = 00007FFC04606BD0
[LOG] SystemI::createSoundInternal             : exinfo->userclose          = 00007FFC04606BA0
[LOG] SystemI::createSoundInternal             : exinfo->userread           = 00007FFC04606CA0
[LOG] SystemI::createSoundInternal             : exinfo->userseek           = 00007FFC04606D50
[LOG] SystemI::createSoundInternal             : exinfo->fileuserdata       = 0000000027F69B58
[LOG] SystemI::DSPCodecPoolRegister            : register codec pool for pool type 5
[LOG] SystemI::createSoundInternal             : Format has 1 subsounds.
[LOG] SystemI::createSoundInternal             : Create as FMOD_CREATESAMPLE
[LOG] SystemI::createSoundInternal             : Multi-sample sound (1 subsounds), create a sample container.
[LOG] SystemI::createSoundInternal             : creating subsound 0/1
[LOG] SystemI::createSample                    : mode 02000202 length 155943 samples, lengthbytes 40288
[LOG] SystemI::createSample                    : channels = 2
[LOG] SystemI::createSample                    : output = 0000000028743A98
[LOG] OutputSoftware::createSample             : lengthpcm 155943, lengthbytes 40288, channels 2, format 2, freq 48000, mode 0200020a
[LOG] SystemI::createSoundInternal             : No name found in file, use filename.
[LOG] SystemI::createSoundInternal             : done.  OpenState now = FMOD_OPENSTATE_READY.

[LOG] SystemI::createSoundInternal             : filename =  : mode 02000202
[LOG] SystemI::createSoundInternal             : exinfo->cbsize             = 232
[LOG] SystemI::createSoundInternal             : exinfo->length             = 3236512
[LOG] SystemI::createSoundInternal             : exinfo->fileoffset         = 32512
[LOG] SystemI::createSoundInternal             : exinfo->numsubsounds       = 1
[LOG] SystemI::createSoundInternal             : exinfo->inclusionlist      = 000000002B6BFBF8
[LOG] SystemI::createSoundInternal             : exinfo->inclusionlistnum   = 1
[LOG] SystemI::createSoundInternal             : exinfo->suggestedsoundtype = 5
[LOG] SystemI::createSoundInternal             : exinfo->useropen           = 00007FFC04606BD0
[LOG] SystemI::createSoundInternal             : exinfo->userclose          = 00007FFC04606BA0
[LOG] SystemI::createSoundInternal             : exinfo->userread           = 00007FFC04606CA0
[LOG] SystemI::createSoundInternal             : exinfo->userseek           = 00007FFC04606D50
[LOG] SystemI::createSoundInternal             : exinfo->fileuserdata       = 0000000027F69B58
[LOG] SystemI::DSPCodecPoolRegister            : register codec pool for pool type 5
[LOG] SystemI::createSoundInternal             : Format has 1 subsounds.
[LOG] SystemI::createSoundInternal             : Create as FMOD_CREATESAMPLE
[LOG] SystemI::createSoundInternal             : Multi-sample sound (1 subsounds), create a sample container.
[LOG] SystemI::createSoundInternal             : creating subsound 0/1
[LOG] SystemI::createSample                    : mode 02000202 length 154082 samples, lengthbytes 44640
[LOG] SystemI::createSample                    : channels = 2
[LOG] SystemI::createSample                    : output = 0000000028743A98
[LOG] OutputSoftware::createSample             : lengthpcm 154082, lengthbytes 44640, channels 2, format 2, freq 48000, mode 0200020a
[LOG] SystemI::createSoundInternal             : No name found in file, use filename.
[LOG] SystemI::createSoundInternal             : done.  OpenState now = FMOD_OPENSTATE_READY.

[LOG] SystemI::createSoundInternal             : filename =  : mode 02000202
[LOG] SystemI::createSoundInternal             : exinfo->cbsize             = 232
[LOG] SystemI::createSoundInternal             : exinfo->length             = 3236512
[LOG] SystemI::createSoundInternal             : exinfo->fileoffset         = 32512
[LOG] SystemI::createSoundInternal             : exinfo->numsubsounds       = 1
[LOG] SystemI::createSoundInternal             : exinfo->inclusionlist      = 000000002B6BFBF8
[LOG] SystemI::createSoundInternal             : exinfo->inclusionlistnum   = 1
[LOG] SystemI::createSoundInternal             : exinfo->suggestedsoundtype = 5
[LOG] SystemI::createSoundInternal             : exinfo->useropen           = 00007FFC04606BD0
[LOG] SystemI::createSoundInternal             : exinfo->userclose          = 00007FFC04606BA0
[LOG] SystemI::createSoundInternal             : exinfo->userread           = 00007FFC04606CA0
[LOG] SystemI::createSoundInternal             : exinfo->userseek           = 00007FFC04606D50
[LOG] SystemI::createSoundInternal             : exinfo->fileuserdata       = 0000000027F69B58
[LOG] SystemI::DSPCodecPoolRegister            : register codec pool for pool type 5
[LOG] SystemI::createSoundInternal             : Format has 1 subsounds.
[LOG] SystemI::createSoundInternal             : Create as FMOD_CREATESAMPLE
[LOG] SystemI::createSoundInternal             : Multi-sample sound (1 subsounds), create a sample container.
[LOG] SystemI::createSoundInternal             : creating subsound 0/1
[LOG] SystemI::createSample                    : mode 02000202 length 32840 samples, lengthbytes 7872
[LOG] SystemI::createSample                    : channels = 2
[LOG] SystemI::createSample                    : output = 0000000028743A98
[LOG] OutputSoftware::createSample             : lengthpcm 32840, lengthbytes 7872, channels 2, format 2, freq 48000, mode 0200020a
[LOG] SystemI::createSoundInternal             : No name found in file, use filename.
[LOG] SystemI::createSoundInternal             : done.  OpenState now = FMOD_OPENSTATE_READY.

[LOG] SystemI::createSoundInternal             : filename =  : mode 02000202
[LOG] SystemI::createSoundInternal             : exinfo->cbsize             = 232
[LOG] SystemI::createSoundInternal             : exinfo->length             = 3236512
[LOG] SystemI::createSoundInternal             : exinfo->fileoffset         = 32512
[LOG] SystemI::createSoundInternal             : exinfo->numsubsounds       = 1
[LOG] SystemI::createSoundInternal             : exinfo->inclusionlist      = 000000002B6BFBF8
[LOG] SystemI::createSoundInternal             : exinfo->inclusionlistnum   = 1
[LOG] SystemI::createSoundInternal             : exinfo->suggestedsoundtype = 5
[LOG] SystemI::createSoundInternal             : exinfo->useropen           = 00007FFC04606BD0
[LOG] SystemI::createSoundInternal             : exinfo->userclose          = 00007FFC04606BA0
[LOG] SystemI::createSoundInternal             : exinfo->userread           = 00007FFC04606CA0
[LOG] SystemI::createSoundInternal             : exinfo->userseek           = 00007FFC04606D50
[LOG] SystemI::createSoundInternal             : exinfo->fileuserdata       = 0000000027F69B58
[LOG] SystemI::DSPCodecPoolRegister            : register codec pool for pool type 5
[LOG] SystemI::createSoundInternal             : Format has 1 subsounds.
[LOG] SystemI::createSoundInternal             : Create as FMOD_CREATESAMPLE
[LOG] SystemI::createSoundInternal             : Multi-sample sound (1 subsounds), create a sample container.
[LOG] SystemI::createSoundInternal             : creating subsound 0/1
[LOG] SystemI::createSample                    : mode 02000202 length 64625 samples, lengthbytes 14816
[LOG] SystemI::createSample                    : channels = 2
[LOG] SystemI::createSample                    : output = 0000000028743A98
[LOG] OutputSoftware::createSample             : lengthpcm 64625, lengthbytes 14816, channels 2, format 2, freq 48000, mode 0200020a
[LOG] SystemI::createSoundInternal             : No name found in file, use filename.
[LOG] SystemI::createSoundInternal             : done.  OpenState now = FMOD_OPENSTATE_READY.

[LOG] SystemI::createSoundInternal             : filename =  : mode 02000202
[LOG] SystemI::createSoundInternal             : exinfo->cbsize             = 232
[LOG] SystemI::createSoundInternal             : exinfo->length             = 3236512
[LOG] SystemI::createSoundInternal             : exinfo->fileoffset         = 32512
[LOG] SystemI::createSoundInternal             : exinfo->numsubsounds       = 1
[LOG] SystemI::createSoundInternal             : exinfo->inclusionlist      = 000000002B6BFBF8
[LOG] SystemI::createSoundInternal             : exinfo->inclusionlistnum   = 1
[LOG] SystemI::createSoundInternal             : exinfo->suggestedsoundtype = 5
[LOG] SystemI::createSoundInternal             : exinfo->useropen           = 00007FFC04606BD0
[LOG] SystemI::createSoundInternal             : exinfo->userclose          = 00007FFC04606BA0
[LOG] SystemI::createSoundInternal             : exinfo->userread           = 00007FFC04606CA0
[LOG] SystemI::createSoundInternal             : exinfo->userseek           = 00007FFC04606D50
[LOG] SystemI::createSoundInternal             : exinfo->fileuserdata       = 0000000027F69B58
[LOG] SystemI::DSPCodecPoolRegister            : register codec pool for pool type 5
[LOG] SystemI::createSoundInternal             : Format has 1 subsounds.
[LOG] SystemI::createSoundInternal             : Create as FMOD_CREATESAMPLE
[LOG] SystemI::createSoundInternal             : Multi-sample sound (1 subsounds), create a sample container.
[LOG] SystemI::createSoundInternal             : creating subsound 0/1
[LOG] SystemI::createSample                    : mode 02000202 length 15644 samples, lengthbytes 5632
[LOG] SystemI::createSample                    : channels = 2
[LOG] SystemI::createSample                    : output = 0000000028743A98
[LOG] OutputSoftware::createSample             : lengthpcm 15644, lengthbytes 5632, channels 2, format 2, freq 48000, mode 0200020a
[LOG] SystemI::createSoundInternal             : No name found in file, use filename.
[LOG] SystemI::createSoundInternal             : done.  OpenState now = FMOD_OPENSTATE_READY.

[LOG] SystemI::createSoundInternal             : filename =  : mode 02000202
[LOG] SystemI::createSoundInternal             : exinfo->cbsize             = 232
[LOG] SystemI::createSoundInternal             : exinfo->length             = 3236512
[LOG] SystemI::createSoundInternal             : exinfo->fileoffset         = 32512
[LOG] SystemI::createSoundInternal             : exinfo->numsubsounds       = 1
[LOG] SystemI::createSoundInternal             : exinfo->inclusionlist      = 000000002B6BFBF8
[LOG] SystemI::createSoundInternal             : exinfo->inclusionlistnum   = 1
[LOG] SystemI::createSoundInternal             : exinfo->suggestedsoundtype = 5
[LOG] SystemI::createSoundInternal             : exinfo->useropen           = 00007FFC04606BD0
[LOG] SystemI::createSoundInternal             : exinfo->userclose          = 00007FFC04606BA0
[LOG] SystemI::createSoundInternal             : exinfo->userread           = 00007FFC04606CA0
[LOG] SystemI::createSoundInternal             : exinfo->userseek           = 00007FFC04606D50
[LOG] SystemI::createSoundInternal             : exinfo->fileuserdata       = 0000000027F69B58
[LOG] SystemI::DSPCodecPoolRegister            : register codec pool for pool type 5
[LOG] SystemI::createSoundInternal             : Format has 1 subsounds.
[LOG] SystemI::createSoundInternal             : Create as FMOD_CREATESAMPLE
[LOG] SystemI::createSoundInternal             : Multi-sample sound (1 subsounds), create a sample container.
[LOG] SystemI::createSoundInternal             : creating subsound 0/1
[LOG] SystemI::createSample                    : mode 02000202 length 15605 samples, lengthbytes 4352
[LOG] SystemI::createSample                    : channels = 2
[LOG] SystemI::createSample                    : output = 0000000028743A98
[LOG] OutputSoftware::createSample             : lengthpcm 15605, lengthbytes 4352, channels 2, format 2, freq 48000, mode 0200020a
[LOG] SystemI::createSoundInternal             : No name found in file, use filename.
[LOG] SystemI::createSoundInternal             : done.  OpenState now = FMOD_OPENSTATE_READY.

[LOG] SystemI::createSoundInternal             : filename =  : mode 02000202
[LOG] SystemI::createSoundInternal             : exinfo->cbsize             = 232
[LOG] SystemI::createSoundInternal             : exinfo->length             = 3236512
[LOG] SystemI::createSoundInternal             : exinfo->fileoffset         = 32512
[LOG] SystemI::createSoundInternal             : exinfo->numsubsounds       = 1
[LOG] SystemI::createSoundInternal             : exinfo->inclusionlist      = 000000002B6BFBF8
[LOG] SystemI::createSoundInternal             : exinfo->inclusionlistnum   = 1
[LOG] SystemI::createSoundInternal             : exinfo->suggestedsoundtype = 5
[LOG] SystemI::createSoundInternal             : exinfo->useropen           = 00007FFC04606BD0
[LOG] SystemI::createSoundInternal             : exinfo->userclose          = 00007FFC04606BA0
[LOG] SystemI::createSoundInternal             : exinfo->userread           = 00007FFC04606CA0
[LOG] SystemI::createSoundInternal             : exinfo->userseek           = 00007FFC04606D50
[LOG] SystemI::createSoundInternal             : exinfo->fileuserdata       = 0000000027F69B58
[LOG] SystemI::DSPCodecPoolRegister            : register codec pool for pool type 5
[LOG] SystemI::createSoundInternal             : Format has 1 subsounds.
[LOG] SystemI::createSoundInternal             : Create as FMOD_CREATESAMPLE
[LOG] SystemI::createSoundInternal             : Multi-sample sound (1 subsounds), create a sample container.
[LOG] SystemI::createSoundInternal             : creating subsound 0/1
[LOG] SystemI::createSample                    : mode 02000202 length 11487 samples, lengthbytes 3296
[LOG] SystemI::createSample                    : channels = 2
[LOG] SystemI::createSample                    : output = 0000000028743A98
[LOG] OutputSoftware::createSample             : lengthpcm 11487, lengthbytes 3296, channels 2, format 2, freq 48000, mode 0200020a
[LOG] SystemI::createSoundInternal             : No name found in file, use filename.
[LOG] SystemI::createSoundInternal             : done.  OpenState now = FMOD_OPENSTATE_READY.

[LOG] SystemI::createSoundInternal             : filename =  : mode 02000202
[LOG] SystemI::createSoundInternal             : exinfo->cbsize             = 232
[LOG] SystemI::createSoundInternal             : exinfo->length             = 3236512
[LOG] SystemI::createSoundInternal             : exinfo->fileoffset         = 32512
[LOG] SystemI::createSoundInternal             : exinfo->numsubsounds       = 1
[LOG] SystemI::createSoundInternal             : exinfo->inclusionlist      = 000000002B6BFBF8
[LOG] SystemI::createSoundInternal             : exinfo->inclusionlistnum   = 1
[LOG] SystemI::createSoundInternal             : exinfo->suggestedsoundtype = 5
[LOG] SystemI::createSoundInternal             : exinfo->useropen           = 00007FFC04606BD0
[LOG] SystemI::createSoundInternal             : exinfo->userclose          = 00007FFC04606BA0
[LOG] SystemI::createSoundInternal             : exinfo->userread           = 00007FFC04606CA0
[LOG] SystemI::createSoundInternal             : exinfo->userseek           = 00007FFC04606D50
[LOG] SystemI::createSoundInternal             : exinfo->fileuserdata       = 0000000027F69B58
[LOG] SystemI::DSPCodecPoolRegister            : register codec pool for pool type 5
[LOG] SystemI::createSoundInternal             : Format has 1 subsounds.
[LOG] SystemI::createSoundInternal             : Create as FMOD_CREATESAMPLE
[LOG] SystemI::createSoundInternal             : Multi-sample sound (1 subsounds), create a sample container.
[LOG] SystemI::createSoundInternal             : creating subsound 0/1
[LOG] SystemI::createSample                    : mode 02000202 length 20533 samples, lengthbytes 5376
[LOG] SystemI::createSample                    : channels = 2
[LOG] SystemI::createSample                    : output = 0000000028743A98
[LOG] OutputSoftware::createSample             : lengthpcm 20533, lengthbytes 5376, channels 2, format 2, freq 48000, mode 0200020a
[LOG] SystemI::createSoundInternal             : No name found in file, use filename.
[LOG] SystemI::createSoundInternal             : done.  OpenState now = FMOD_OPENSTATE_READY.

[LOG] SystemI::createSoundInternal             : filename =  : mode 02000202
[LOG] SystemI::createSoundInternal             : exinfo->cbsize             = 232
[LOG] SystemI::createSoundInternal             : exinfo->length             = 3236512
[LOG] SystemI::createSoundInternal             : exinfo->fileoffset         = 32512
[LOG] SystemI::createSoundInternal             : exinfo->numsubsounds       = 1
[LOG] SystemI::createSoundInternal             : exinfo->inclusionlist      = 000000002B6BFBF8
[LOG] SystemI::createSoundInternal             : exinfo->inclusionlistnum   = 1
[LOG] SystemI::createSoundInternal             : exinfo->suggestedsoundtype = 5
[LOG] SystemI::createSoundInternal             : exinfo->useropen           = 00007FFC04606BD0
[LOG] SystemI::createSoundInternal             : exinfo->userclose          = 00007FFC04606BA0
[LOG] SystemI::createSoundInternal             : exinfo->userread           = 00007FFC04606CA0
[LOG] SystemI::createSoundInternal             : exinfo->userseek           = 00007FFC04606D50
[LOG] SystemI::createSoundInternal             : exinfo->fileuserdata       = 0000000027F69B58
[LOG] SystemI::DSPCodecPoolRegister            : register codec pool for pool type 5
[LOG] SystemI::createSoundInternal             : Format has 1 subsounds.
[LOG] SystemI::createSoundInternal             : Create as FMOD_CREATESAMPLE
[LOG] SystemI::createSoundInternal             : Multi-sample sound (1 subsounds), create a sample container.
[LOG] SystemI::createSoundInternal             : creating subsound 0/1
[LOG] SystemI::createSample                    : mode 02000202 length 153122 samples, lengthbytes 39680
[LOG] SystemI::createSample                    : channels = 2
[LOG] SystemI::createSample                    : output = 0000000028743A98
[LOG] OutputSoftware::createSample             : lengthpcm 153122, lengthbytes 39680, channels 2, format 2, freq 48000, mode 0200020a
[LOG] SystemI::createSoundInternal             : No name found in file, use filename.
[LOG] SystemI::createSoundInternal             : done.  OpenState now = FMOD_OPENSTATE_READY.

[LOG] SystemI::createSoundInternal             : filename =  : mode 02000202
[LOG] SystemI::createSoundInternal             : exinfo->cbsize             = 232
[LOG] SystemI::createSoundInternal             : exinfo->length             = 3236512
[LOG] SystemI::createSoundInternal             : exinfo->fileoffset         = 32512
[LOG] SystemI::createSoundInternal             : exinfo->numsubsounds       = 1
[LOG] SystemI::createSoundInternal             : exinfo->inclusionlist      = 000000002B6BFBF8
[LOG] SystemI::createSoundInternal             : exinfo->inclusionlistnum   = 1
[LOG] SystemI::createSoundInternal             : exinfo->suggestedsoundtype = 5
[LOG] SystemI::createSoundInternal             : exinfo->useropen           = 00007FFC04606BD0
[LOG] SystemI::createSoundInternal             : exinfo->userclose          = 00007FFC04606BA0
[LOG] SystemI::createSoundInternal             : exinfo->userread           = 00007FFC04606CA0
[LOG] SystemI::createSoundInternal             : exinfo->userseek           = 00007FFC04606D50
[LOG] SystemI::createSoundInternal             : exinfo->fileuserdata       = 0000000027F69B58
[LOG] SystemI::DSPCodecPoolRegister            : register codec pool for pool type 5
[LOG] SystemI::createSoundInternal             : Format has 1 subsounds.
[LOG] SystemI::createSoundInternal             : Create as FMOD_CREATESAMPLE
[LOG] SystemI::createSoundInternal             : Multi-sample sound (1 subsounds), create a sample container.
[LOG] SystemI::createSoundInternal             : creating subsound 0/1
[LOG] SystemI::createSample                    : mode 02000202 length 189020 samples, lengthbytes 43680
[LOG] SystemI::createSample                    : channels = 2
[LOG] SystemI::createSample                    : output = 0000000028743A98
[LOG] OutputSoftware::createSample             : lengthpcm 189020, lengthbytes 43680, channels 2, format 2, freq 48000, mode 0200020a
[LOG] SystemI::createSoundInternal             : No name found in file, use filename.
[LOG] SystemI::createSoundInternal             : done.  OpenState now = FMOD_OPENSTATE_READY.

[LOG] SoundI::release                          :  (0000000028222A78)
[LOG] SoundI::release                          : release subsounds. (0000000028222A78)
[LOG] SoundI::release                          :     Kung Fu Old School Hit 07 (00000000181201B8)
[LOG] SoundI::release                          :     done
[LOG] SoundI::release                          : release codec. (0000000028222A78)
[LOG] SoundI::release                          : done
[LOG] SoundI::release                          :  (0000000028221AA8)
[LOG] SoundI::release                          : release subsounds. (0000000028221AA8)
[LOG] SoundI::release                          :     Kung Fu Old School Hit 08 (0000000028217CE8)
[LOG] SoundI::release                          :     done
[LOG] SoundI::release                          : release codec. (0000000028221AA8)
[LOG] SoundI::release                          : done
[LOG] SoundI::release                          :  (0000000028221208)
[LOG] SoundI::release                          : release subsounds. (0000000028221208)
[LOG] SoundI::release                          :     Kung Fu Old School Hit 09 (000000001811F7F8)
[LOG] SoundI::release                          :     done
[LOG] SoundI::release                          : release codec. (0000000028221208)
[LOG] SoundI::release                          : done
[LOG] SoundI::release                          :  (0000000028221938)
[LOG] SoundI::release                          : release subsounds. (0000000028221938)
[LOG] SoundI::release                          :     Kung Fu Old School Hit 01 (0000000028217808)
[LOG] SoundI::release                          :     done
[LOG] SoundI::release                          : release codec. (0000000028221938)
[LOG] SoundI::release                          : done
[LOG] SoundI::release                          :  (0000000028222908)
[LOG] SoundI::release                          : release subsounds. (0000000028222908)
[LOG] SoundI::release                          :     Kung Fu Old School Hit 02 (000000001811F998)
[LOG] SoundI::release                          :     done
[LOG] SoundI::release                          : release codec. (0000000028222908)
[LOG] SoundI::release                          : done
[LOG] SoundI::release                          :  (00000000282221D8)
[LOG] SoundI::release                          : release subsounds. (00000000282221D8)
[LOG] SoundI::release                          :     Game Over 01 (0000000028217B48)
[LOG] SoundI::release                          :     done
[LOG] SoundI::release                          : release codec. (00000000282221D8)
[LOG] SoundI::release                          : done
[LOG] SoundI::release                          :  (0000000028222D58)
[LOG] SoundI::release                          : release subsounds. (0000000028222D58)
[LOG] SoundI::release                          :     Explosion 02 (0000000018120EB8)
[LOG] SoundI::release                          :     done
[LOG] SoundI::release                          : release codec. (0000000028222D58)
[LOG] SoundI::release                          : done
[LOG] SoundI::release                          :  (00000000282217C8)
[LOG] SoundI::release                          : release subsounds. (00000000282217C8)
[LOG] SoundI::release                          :     Explosion 03 (0000000028217668)
[LOG] SoundI::release                          :     done
[LOG] SoundI::release                          : release codec. (00000000282217C8)
[LOG] SoundI::release                          : done
[LOG] SoundI::release                          :  (00000000282224B8)
[LOG] SoundI::release                          : release subsounds. (00000000282224B8)
[LOG] SoundI::release                          :     Explosion 04 (0000000018121538)
[LOG] SoundI::release                          :     done
[LOG] SoundI::release                          : release codec. (00000000282224B8)
[LOG] SoundI::release                          : done
[LOG] SoundI::release                          :  (0000000028222BE8)
[LOG] SoundI::release                          : release subsounds. (0000000028222BE8)
[LOG] SoundI::release                          :     Explosion 01 (00000000282179A8)
[LOG] SoundI::release                          :     done
[LOG] SoundI::release                          : release codec. (0000000028222BE8)
[LOG] SoundI::release                          : done
[LOG] Thread::callback                         : FMOD Studio update thread finished.
[LOG] Thread::callback                         : FMOD Studio bank load thread finished.
[LOG] Profile::disconnectAll                   : Profiler disconnecting all clients
[LOG] Thread::callback                         : FMOD Studio sample load thread finished.
[LOG] LiveUpdate::release                      : 
[LOG] LiveUpdate::reset                        : Reset connection (reason Disconnected)
[LOG] SystemI::close                           : 
[LOG] SystemI::close                           : Stop all sounds
[LOG] Thread::callback                         : FMOD stream thread finished.
[LOG] SystemI::close                           : Stream thread destroyed
[LOG] Thread::callback                         : FMOD mixer thread finished.
[LOG] SystemI::close                           : Free master channel group.
[LOG] SystemI::close                           : Remove 'master' sound group.
[LOG] SystemI::close                           : Free software output.
[LOG] SystemI::close                           : Free emulated output.
[LOG] SystemI::close                           : Free channel pool.
[LOG] SystemI::close                           : done.

